Microsemi Libero Software
Version: 11.8.1.12
Release: Libero SoC v11.8 SP1

Info: The design cariomart_mss.adb was last modified by software version 11.8.1.12.
Opened an existing Libero design cariomart_mss.adb.
'BA_NAME' set to 'cariomart_mss_ba'
'IDE_DESIGNERVIEW_NAME' set to 'Impl1'
'IDE_DESIGNERVIEW_COUNT' set to '1'
'IDE_DESIGNERVIEW_REV0' set to 'Impl1'
'IDE_DESIGNERVIEW_REVNUM0' set to '1'
'IDE_DESIGNERVIEW_ROOTDIR' set to 'C:\Microsemi\Projects\cariomart_controller\designer'
'IDE_DESIGNERVIEW_LASTREV' set to '1'
Wrote timing report to file: cariomart_mss_maxdelay_timing_report.txt

The Report command succeeded ( 00:00:03 )
Wrote timing report to file: cariomart_mss_mindelay_timing_report.txt

The Report command succeeded ( 00:00:00 )
Wrote timing_violations report to file: cariomart_mss_maxdelay_timingviolations_report.txt

The Report command succeeded ( 00:00:00 )
Wrote timing_violations report to file: cariomart_mss_mindelay_timingviolations_report.txt

The Report command succeeded ( 00:00:00 )
Design saved to file
C:\Microsemi\Projects\cariomart_controller\designer\impl1\cariomart_mss.adb.

The Execute Script command succeeded ( 00:00:04 )
Design closed.

