
Starting:    C:\Microsemi\Libero_SoC_v11.8\SynplifyPro\bin64\mbin\synbatch.exe
Install:     C:\Microsemi\Libero_SoC_v11.8\SynplifyPro
Hostname:    DESKTOP-8PFHB4C
Date:        Wed Dec 04 15:19:38 2019
Version:     L-2016.09M-2

Arguments:   -product synplify_pro -licensetype synplifypro_actel -batch -log synplify.log cariomart_mss_syn.tcl
ProductType: synplify_pro

License checkout: synplifypro_actel
License: synplifypro_actel node-locked 
Licensed Vendor: actel
License Option: actel_oem

Running in Vendor Mode


auto_infer_blackbox is not supported in current product.

log file: "C:\Microsemi\Projects\cariomart_controller\synthesis\cariomart_mss.srr"

Running: synthesis in foreground



Running cariomart_mss_syn|synthesis


Running: compile (Compile) on cariomart_mss_syn|synthesis
# Wed Dec 04 15:19:38 2019


Running: compile_flow (Compile Process) on cariomart_mss_syn|synthesis
# Wed Dec 04 15:19:38 2019


Running: compiler (Compile Input) on cariomart_mss_syn|synthesis
# Wed Dec 04 15:19:38 2019

Copied C:\Microsemi\Projects\cariomart_controller\synthesis\synwork\cariomart_mss_comp.srs to C:\Microsemi\Projects\cariomart_controller\synthesis\cariomart_mss.srs


compiler completed
# Wed Dec 04 15:19:40 2019

Return Code: 0
Run Time:00h:00m:02s


Running: multi_srs_gen (Multi-srs Generator) on cariomart_mss_syn|synthesis
# Wed Dec 04 15:19:40 2019


multi_srs_gen completed
# Wed Dec 04 15:19:40 2019

Return Code: 0
Run Time:00h:00m:00s

Copied C:\Microsemi\Projects\cariomart_controller\synthesis\synwork\cariomart_mss_mult.srs to C:\Microsemi\Projects\cariomart_controller\synthesis\cariomart_mss.srs

Complete: Compile Process on cariomart_mss_syn|synthesis


Running: premap (Pre-mapping) on cariomart_mss_syn|synthesis
# Wed Dec 04 15:19:40 2019


premap completed
# Wed Dec 04 15:19:41 2019

Return Code: 0
Run Time:00h:00m:01s

Complete: Compile on cariomart_mss_syn|synthesis


Running: map (Map) on cariomart_mss_syn|synthesis
# Wed Dec 04 15:19:41 2019

License granted for 4 parallel jobs


Running: fpga_mapper (Map & Optimize) on cariomart_mss_syn|synthesis
# Wed Dec 04 15:19:41 2019

Copied C:\Microsemi\Projects\cariomart_controller\synthesis\synwork\cariomart_mss_m.srm to C:\Microsemi\Projects\cariomart_controller\synthesis\cariomart_mss.srm


fpga_mapper completed
# Wed Dec 04 15:19:42 2019

Return Code: 0
Run Time:00h:00m:01s

Complete: Map on cariomart_mss_syn|synthesis

Complete: Logic Synthesis on cariomart_mss_syn|synthesis

TCL script complete: "cariomart_mss_syn.tcl"

exit status=0

exit status=0

License checkin: synplifypro_actel

