Target Part: A2F200M3F_FBGA484_STD
Report for cell cariomart_mss.verilog
  Core Cell usage:
              cell count     area count*area
               GND     2      0.0        0.0
           MSS_APB     1      0.0        0.0
           MSS_CCC     1      0.0        0.0
             RCOSC     1      0.0        0.0
               VCC     2      0.0        0.0


                   -----          ----------
             TOTAL     7                 0.0


  IO Cell usage:
              cell count
           INBUF_A     2
         INBUF_MSS     4
        OUTBUF_MSS     2
                   -----
             TOTAL     8


Core Cells         : 0 of 4608 (0%)
IO Cells           : 8

  RAM/ROM Usage Summary
Block Rams : 0 of 8 (0%)

